{"/Users/ezeugwadavid/Documents/test-projects/peerless-test/peerless/src/components/reuseable-component/card/card.jsx": {"path":"/Users/ezeugwadavid/Documents/test-projects/peerless-test/peerless/src/components/reuseable-component/card/card.jsx","statementMap":{"0":{"start":{"line":6,"column":13},"end":{"line":16,"column":1}},"1":{"start":{"line":7,"column":2},"end":{"line":15,"column":4}},"2":{"start":{"line":18,"column":0},"end":{"line":22,"column":2}}},"fnMap":{"0":{"name":"(anonymous_0)","decl":{"start":{"line":6,"column":13},"end":{"line":6,"column":14}},"loc":{"start":{"line":6,"column":48},"end":{"line":16,"column":1}},"line":6}},"branchMap":{},"s":{"0":1,"1":3,"2":1},"f":{"0":3},"b":{},"_coverageSchema":"1a1c01bbd47fc00a2c39e90264f33305004495a9","hash":"472dbd8e48ecb1e794503ead70bf2c1aa0024704"}
,"/Users/ezeugwadavid/Documents/test-projects/peerless-test/peerless/src/components/reuseable-component/card/card.styles.jsx": {"path":"/Users/ezeugwadavid/Documents/test-projects/peerless-test/peerless/src/components/reuseable-component/card/card.styles.jsx","statementMap":{"0":{"start":{"line":4,"column":29},"end":{"line":34,"column":1}}},"fnMap":{},"branchMap":{},"s":{"0":1},"f":{},"b":{},"_coverageSchema":"1a1c01bbd47fc00a2c39e90264f33305004495a9","hash":"009a8a2d26ad7f00d078352286e8877dbd88c646"}
,"/Users/ezeugwadavid/Documents/test-projects/peerless-test/peerless/src/utils/utils.js": {"path":"/Users/ezeugwadavid/Documents/test-projects/peerless-test/peerless/src/utils/utils.js","statementMap":{"0":{"start":{"line":19,"column":22},"end":{"line":27,"column":1}},"1":{"start":{"line":29,"column":25},"end":{"line":35,"column":1}},"2":{"start":{"line":37,"column":27},"end":{"line":41,"column":1}},"3":{"start":{"line":43,"column":27},"end":{"line":116,"column":1}},"4":{"start":{"line":118,"column":21},"end":{"line":159,"column":1}}},"fnMap":{},"branchMap":{},"s":{"0":1,"1":1,"2":1,"3":1,"4":1},"f":{},"b":{},"_coverageSchema":"1a1c01bbd47fc00a2c39e90264f33305004495a9","hash":"a7eac1382c1502a6c3a52ef057b7a5395e399583"}
}
